"/Users/cggatica/Documents/Unreal Projects/CatastrophyPrj/Content/Main_Menu/Credits_Widget.uasset" 0
"/Users/cggatica/Documents/Unreal Projects/CatastrophyPrj/Content/Main_Menu/Credits_Widget.uexp" 1
"/Users/cggatica/Documents/Unreal Projects/CatastrophyPrj/Content/Main_Menu/Main_Menu_Widget.uasset" 2
"/Users/cggatica/Documents/Unreal Projects/CatastrophyPrj/Content/Main_Menu/Main_Menu_Widget.uexp" 3
"/Users/cggatica/Documents/Unreal Projects/CatastrophyPrj/Content/Main_Menu/Options_Menu_Widget.uasset" 4
"/Users/cggatica/Documents/Unreal Projects/CatastrophyPrj/Content/Main_Menu/Options_Menu_Widget.uexp" 5
"/Users/cggatica/Documents/Unreal Projects/CatastrophyPrj/Content/Pause_Menu/Pause_Menu_Widget.uasset" 6
"/Users/cggatica/Documents/Unreal Projects/CatastrophyPrj/Content/Pause_Menu/Pause_Menu_Widget.uexp" 7
"../../../Engine/Content/Tutorial/SubEditors/TutorialAssets/Character/TutorialTPP_Skeleton.uasset" 8
"../../../Engine/Content/Tutorial/SubEditors/TutorialAssets/Character/TutorialTPP_Skeleton.uexp" 9
"../../../Engine/Content/Tutorial/SubEditors/TutorialAssets/Character/Tutorial_Walk_Fwd.uasset" 10
"../../../Engine/Content/Tutorial/SubEditors/TutorialAssets/Character/Tutorial_Walk_Fwd.uexp" 11
"../../../Engine/Content/Tutorial/SubEditors/TutorialAssets/Character/Tutorial_Idle.uasset" 12
"../../../Engine/Content/Tutorial/SubEditors/TutorialAssets/Character/Tutorial_Idle.uexp" 13
"../../../Engine/Content/Tutorial/SubEditors/TutorialAssets/Character/NewBlendSpace1D.uasset" 14
"../../../Engine/Content/Tutorial/SubEditors/TutorialAssets/Character/NewBlendSpace1D.uexp" 15
"../../../Engine/Content/Tutorial/SubEditors/TutorialAssets/Character/TutorialTPP_AnimBlueprint.uasset" 16
"../../../Engine/Content/Tutorial/SubEditors/TutorialAssets/Character/TutorialTPP_AnimBlueprint.uexp" 17
"../../../Engine/Content/Tutorial/SubEditors/TutorialAssets/Character/TutorialTPP_PhysicsAsset.uasset" 18
"../../../Engine/Content/Tutorial/SubEditors/TutorialAssets/Character/TutorialTPP_PhysicsAsset.uexp" 19
"../../../Engine/Content/Tutorial/SubEditors/TutorialAssets/Character/TutorialTPP_Mat.uasset" 20
"../../../Engine/Content/Tutorial/SubEditors/TutorialAssets/Character/TutorialTPP_Mat.uexp" 21
"../../../Engine/Content/Tutorial/SubEditors/TutorialAssets/Character/TutorialTPP.uasset" 22
"../../../Engine/Content/Tutorial/SubEditors/TutorialAssets/Character/TutorialTPP.uexp" 23
"../../../Engine/Content/Tutorial/SubEditors/TutorialAssets/Character/TutorialCharacter.uasset" 24
"../../../Engine/Content/Tutorial/SubEditors/TutorialAssets/Character/TutorialCharacter.uexp" 25
"/Users/cggatica/Documents/Unreal Projects/CatastrophyPrj/Content/FirstPersonBP/Blueprints/CatPaw.uasset" 26
"/Users/cggatica/Documents/Unreal Projects/CatastrophyPrj/Content/FirstPersonBP/Blueprints/CatPaw.uexp" 27
"/Users/cggatica/Documents/Unreal Projects/CatastrophyPrj/Content/FirstPersonBP/Blueprints/SwipeInteract_Prompt_Widget.uasset" 28
"/Users/cggatica/Documents/Unreal Projects/CatastrophyPrj/Content/FirstPersonBP/Blueprints/SwipeInteract_Prompt_Widget.uexp" 29
"/Users/cggatica/Documents/Unreal Projects/CatastrophyPrj/Content/lambert1.uasset" 30
"/Users/cggatica/Documents/Unreal Projects/CatastrophyPrj/Content/lambert1.uexp" 31
"/Users/cggatica/Documents/Unreal Projects/CatastrophyPrj/Content/couch_GEO_lo.uasset" 32
"/Users/cggatica/Documents/Unreal Projects/CatastrophyPrj/Content/couch_GEO_lo.uexp" 33
"/Users/cggatica/Documents/Unreal Projects/CatastrophyPrj/Content/FirstPersonBP/Blueprints/Couch_BP.uasset" 34
"/Users/cggatica/Documents/Unreal Projects/CatastrophyPrj/Content/FirstPersonBP/Blueprints/Couch_BP.uexp" 35
"/Users/cggatica/Documents/Unreal Projects/CatastrophyPrj/Content/GameContents/Character_Blueprint.uasset" 36
"/Users/cggatica/Documents/Unreal Projects/CatastrophyPrj/Content/GameContents/Character_Blueprint.uexp" 37
"/Users/cggatica/Documents/Unreal Projects/CatastrophyPrj/Content/GameContents/CatastrophyTest.uasset" 38
"/Users/cggatica/Documents/Unreal Projects/CatastrophyPrj/Content/GameContents/CatastrophyTest.uexp" 39
"/Users/cggatica/Documents/Unreal Projects/CatastrophyPrj/Content/Levels/CatPrj_BuiltData.uasset" 40
"/Users/cggatica/Documents/Unreal Projects/CatastrophyPrj/Content/Levels/CatPrj_BuiltData.uexp" 41
"/Users/cggatica/Documents/Unreal Projects/CatastrophyPrj/Content/Levels/CatPrj_BuiltData.ubulk" 42
"../../../Engine/Content/Maps/Templates/Thumbnails/Default.uasset" 43
"../../../Engine/Content/Maps/Templates/Thumbnails/Default.uexp" 44
"../../../Engine/Content/Maps/Templates/Thumbnails/TimeOfDay.uasset" 45
"../../../Engine/Content/Maps/Templates/Thumbnails/TimeOfDay.uexp" 46
"../../../Engine/Content/Maps/Templates/Thumbnails/VR-Basic.uasset" 47
"../../../Engine/Content/Maps/Templates/Thumbnails/VR-Basic.uexp" 48
"../../../Engine/Content/MobileResources/T_MobileControls_texture.uasset" 49
"../../../Engine/Content/MobileResources/T_MobileControls_texture.uexp" 50
"../../../Engine/Content/MobileResources/T_MobileMenu2.uasset" 51
"../../../Engine/Content/MobileResources/T_MobileMenu2.uexp" 52
"../../../Engine/Content/MobileResources/HUD/MobileHUDDirectionPad3.uasset" 53
"../../../Engine/Content/MobileResources/HUD/MobileHUDDirectionPad3.uexp" 54
"../../../Engine/Content/MobileResources/HUD/MobileHUDButton2_off.uasset" 55
"../../../Engine/Content/MobileResources/HUD/MobileHUDButton2_off.uexp" 56
"../../../Engine/Content/MobileResources/HUD/MobileHUDButton3.uasset" 57
"../../../Engine/Content/MobileResources/HUD/MobileHUDButton3.uexp" 58
"../../../Engine/Content/MobileResources/HUD/T_Castle_ThumbstickInner.uasset" 59
"../../../Engine/Content/MobileResources/HUD/T_Castle_ThumbstickInner.uexp" 60
"../../../Engine/Content/MobileResources/HUD/MobileHUDDirectionStick.uasset" 61
"../../../Engine/Content/MobileResources/HUD/MobileHUDDirectionStick.uexp" 62
"../../../Engine/Content/MobileResources/HUD/VirtualJoystick_Thumb.uasset" 63
"../../../Engine/Content/MobileResources/HUD/VirtualJoystick_Thumb.uexp" 64
"../../../Engine/Content/MobileResources/HUD/VirtualJoystick_Background.uasset" 65
"../../../Engine/Content/MobileResources/HUD/VirtualJoystick_Background.uexp" 66
"../../../Engine/Content/MobileResources/HUD/DefaultVirtualJoysticks.uasset" 67
"../../../Engine/Content/MobileResources/HUD/DefaultVirtualJoysticks.uexp" 68
"../../../Engine/Content/MobileResources/HUD/T_Castle_ThumbstickOutter.uasset" 69
"../../../Engine/Content/MobileResources/HUD/T_Castle_ThumbstickOutter.uexp" 70
"../../../Engine/Content/MobileResources/HUD/MobileHUDButton2_on.uasset" 71
"../../../Engine/Content/MobileResources/HUD/MobileHUDButton2_on.uexp" 72
"../../../Engine/Content/MobileResources/HUD/MobileHUDDirectionPad2.uasset" 73
"../../../Engine/Content/MobileResources/HUD/MobileHUDDirectionPad2.uexp" 74
"../../../Engine/Content/MobileResources/HUD/MobileHUDDirectionPad.uasset" 75
"../../../Engine/Content/MobileResources/HUD/MobileHUDDirectionPad.uexp" 76
"../../../Engine/Content/MobileResources/HUD/AnalogHat.uasset" 77
"../../../Engine/Content/MobileResources/HUD/AnalogHat.uexp" 78
"../../../Engine/Content/MobileResources/HUD/MobileHUDButton1_on.uasset" 79
"../../../Engine/Content/MobileResources/HUD/MobileHUDButton1_on.uexp" 80
"../../../Engine/Content/MobileResources/HUD/MobileHUDButtonFire.uasset" 81
"../../../Engine/Content/MobileResources/HUD/MobileHUDButtonFire.uexp" 82
"../../../Engine/Content/MobileResources/HUD/LeftVirtualJoystickOnly.uasset" 83
"../../../Engine/Content/MobileResources/HUD/LeftVirtualJoystickOnly.uexp" 84
"../../../Engine/Content/MobileResources/HUD/MobileHUDButton1_off.uasset" 85
"../../../Engine/Content/MobileResources/HUD/MobileHUDButton1_off.uexp" 86
"../../../Engine/Content/Tutorial/ContentIntroCurve.uasset" 87
"../../../Engine/Content/Tutorial/ContentIntroCurve.uexp" 88
"../../../Engine/Content/Tutorial/Basics/TutorialAssets/icon_tab_Levels_40x.uasset" 89
"../../../Engine/Content/Tutorial/Basics/TutorialAssets/icon_tab_Levels_40x.uexp" 90
"../../../Engine/Content/Tutorial/BlueprintTutorials/TutorialAssets/Blueprint_64x.uasset" 91
"../../../Engine/Content/Tutorial/BlueprintTutorials/TutorialAssets/Blueprint_64x.uexp" 92
"../../../Engine/Content/EngineResources/DefaultTextureCube.uasset" 93
"../../../Engine/Content/EngineResources/DefaultTextureCube.uexp" 94
"../../../Engine/Content/EngineResources/DefaultTexture.uasset" 95
"../../../Engine/Content/EngineResources/DefaultTexture.uexp" 96
"../../../Engine/Content/EngineResources/DefaultTexture.ubulk" 97
"../../../Engine/Content/EngineResources/Black.uasset" 98
"../../../Engine/Content/EngineResources/Black.uexp" 99
"../../../Engine/Content/EngineResources/DefaultVolumeTexture2D.uasset" 100
"../../../Engine/Content/EngineResources/DefaultVolumeTexture2D.uexp" 101
"../../../Engine/Content/EngineResources/DefaultVolumeTexture.uasset" 102
"../../../Engine/Content/EngineResources/DefaultVolumeTexture.uexp" 103
"../../../Engine/Content/EngineResources/GradientTexture0.uasset" 104
"../../../Engine/Content/EngineResources/GradientTexture0.uexp" 105
"../../../Engine/Content/EngineFonts/Faces/RobotoRegular.uasset" 106
"../../../Engine/Content/EngineFonts/Faces/RobotoRegular.uexp" 107
"../../../Engine/Content/EngineFonts/Faces/RobotoRegular.ufont" 108
"../../../Engine/Content/EngineFonts/Faces/RobotoLight.uasset" 109
"../../../Engine/Content/EngineFonts/Faces/RobotoLight.uexp" 110
"../../../Engine/Content/EngineFonts/Faces/RobotoLight.ufont" 111
"../../../Engine/Content/EngineFonts/Faces/RobotoItalic.uasset" 112
"../../../Engine/Content/EngineFonts/Faces/RobotoItalic.uexp" 113
"../../../Engine/Content/EngineFonts/Faces/RobotoItalic.ufont" 114
"../../../Engine/Content/EngineFonts/Faces/RobotoBoldItalic.uasset" 115
"../../../Engine/Content/EngineFonts/Faces/RobotoBoldItalic.uexp" 116
"../../../Engine/Content/EngineFonts/Faces/RobotoBoldItalic.ufont" 117
"../../../Engine/Content/EngineFonts/Faces/RobotoBold.uasset" 118
"../../../Engine/Content/EngineFonts/Faces/RobotoBold.uexp" 119
"../../../Engine/Content/EngineFonts/Faces/RobotoBold.ufont" 120
"../../../Engine/Content/EngineFonts/Faces/DroidSansFallback.uasset" 121
"../../../Engine/Content/EngineFonts/Faces/DroidSansFallback.uexp" 122
"../../../Engine/Content/EngineFonts/Faces/DroidSansFallback.ufont" 123
"../../../Engine/Content/EngineFonts/Roboto.uasset" 124
"../../../Engine/Content/EngineFonts/Roboto.uexp" 125
"../../../Engine/Content/EngineDamageTypes/DmgTypeBP_Environmental.uasset" 126
"../../../Engine/Content/EngineDamageTypes/DmgTypeBP_Environmental.uexp" 127
"../../../Engine/Content/EngineMaterials/T_Default_Material_Grid_N.uasset" 128
"../../../Engine/Content/EngineMaterials/T_Default_Material_Grid_N.uexp" 129
"../../../Engine/Content/EngineMaterials/T_Default_Material_Grid_N.ubulk" 130
"../../../Engine/Content/EngineMaterials/T_Default_Material_Grid_M.uasset" 131
"../../../Engine/Content/EngineMaterials/T_Default_Material_Grid_M.uexp" 132
"../../../Engine/Content/EngineMaterials/T_Default_Material_Grid_M.ubulk" 133
"../../../Engine/Content/Functions/Engine_MaterialFunctions01/Opacity/CameraDepthFade.uasset" 134
"../../../Engine/Content/Functions/Engine_MaterialFunctions01/Opacity/CameraDepthFade.uexp" 135
"../../../Engine/Content/EngineMaterials/WorldGridMaterial.uasset" 136
"../../../Engine/Content/EngineMaterials/WorldGridMaterial.uexp" 137
"../../../Engine/Content/ArtTools/RenderToTexture/Meshes/S_1_Unit_Plane.uasset" 138
"../../../Engine/Content/ArtTools/RenderToTexture/Meshes/S_1_Unit_Plane.uexp" 139
"../../../Engine/Content/Animation/DefaultAnimCurveCompressionSettings.uasset" 140
"../../../Engine/Content/Animation/DefaultAnimCurveCompressionSettings.uexp" 141
"../../../Engine/Content/Animation/DefaultAnimBoneCompressionSettings.uasset" 142
"../../../Engine/Content/Animation/DefaultAnimBoneCompressionSettings.uexp" 143
"../../../Engine/Content/EngineMaterials/DefaultCalibrationGrayscale.uasset" 144
"../../../Engine/Content/EngineMaterials/DefaultCalibrationGrayscale.uexp" 145
"../../../Engine/Content/EngineMaterials/PPM_DefaultCalibrationGrayscale.uasset" 146
"../../../Engine/Content/EngineMaterials/PPM_DefaultCalibrationGrayscale.uexp" 147
"../../../Engine/Content/EngineResources/WhiteSquareTexture.uasset" 148
"../../../Engine/Content/EngineResources/WhiteSquareTexture.uexp" 149
"../../../Engine/Content/EngineMaterials/Widget3DPassThrough.uasset" 150
"../../../Engine/Content/EngineMaterials/Widget3DPassThrough.uexp" 151
"../../../Engine/Content/EngineMaterials/Widget3DPassThrough_Masked.uasset" 152
"../../../Engine/Content/EngineMaterials/Widget3DPassThrough_Masked.uexp" 153
"../../../Engine/Content/EngineMaterials/WeightMapPlaceholderTexture.uasset" 154
"../../../Engine/Content/EngineMaterials/WeightMapPlaceholderTexture.uexp" 155
"../../../Engine/Content/EngineMaterials/Widget3DPassThrough_Translucent.uasset" 156
"../../../Engine/Content/EngineMaterials/Widget3DPassThrough_Translucent.uexp" 157
"../../../Engine/Content/EngineMaterials/Widget3DPassThrough_Translucent_OneSided.uasset" 158
"../../../Engine/Content/EngineMaterials/Widget3DPassThrough_Translucent_OneSided.uexp" 159
"../../../Engine/Content/EngineMaterials/DefaultCalibrationColor.uasset" 160
"../../../Engine/Content/EngineMaterials/DefaultCalibrationColor.uexp" 161
"../../../Engine/Content/EngineMaterials/PPM_DefaultCalibrationColor.uasset" 162
"../../../Engine/Content/EngineMaterials/PPM_DefaultCalibrationColor.uexp" 163
"../../../Engine/Content/Functions/Engine_MaterialFunctions02/WorldPositionOffset/CameraOffset.uasset" 164
"../../../Engine/Content/Functions/Engine_MaterialFunctions02/WorldPositionOffset/CameraOffset.uexp" 165
"../../../Engine/Content/EngineMaterials/PhAT_JointLimitMaterial.uasset" 166
"../../../Engine/Content/EngineMaterials/PhAT_JointLimitMaterial.uexp" 167
"../../../Engine/Content/EngineMaterials/GizmoMaterial.uasset" 168
"../../../Engine/Content/EngineMaterials/GizmoMaterial.uexp" 169
"../../../Engine/Content/EngineMaterials/BlueNoise.uasset" 170
"../../../Engine/Content/EngineMaterials/BlueNoise.uexp" 171
"../../../Engine/Content/EngineMaterials/DefaultWhiteGrid_Low.uasset" 172
"../../../Engine/Content/EngineMaterials/DefaultWhiteGrid_Low.uexp" 173
"../../../Engine/Content/EngineMaterials/EmissiveMeshMaterial.uasset" 174
"../../../Engine/Content/EngineMaterials/EmissiveMeshMaterial.uexp" 175
"../../../Engine/Content/EngineMaterials/Widget3DPassThrough_Opaque.uasset" 176
"../../../Engine/Content/EngineMaterials/Widget3DPassThrough_Opaque.uexp" 177
"../../../Engine/Content/EngineMaterials/Widget3DPassThrough_Masked_OneSided.uasset" 178
"../../../Engine/Content/EngineMaterials/Widget3DPassThrough_Masked_OneSided.uexp" 179
"../../../Engine/Content/EngineMaterials/Good64x64TilingNoiseHighFreq.uasset" 180
"../../../Engine/Content/EngineMaterials/Good64x64TilingNoiseHighFreq.uexp" 181
"../../../Engine/Content/EngineMaterials/DefaultBloomKernel.uasset" 182
"../../../Engine/Content/EngineMaterials/DefaultBloomKernel.uexp" 183
"../../../Engine/Content/EngineMaterials/RemoveSurfaceMaterial.uasset" 184
"../../../Engine/Content/EngineMaterials/RemoveSurfaceMaterial.uexp" 185
"../../../Engine/Content/EngineMaterials/DefaultDiffuse.uasset" 186
"../../../Engine/Content/EngineMaterials/DefaultDiffuse.uexp" 187
"../../../Engine/Content/EngineMaterials/DefaultDiffuse.ubulk" 188
"../../../Engine/Content/EngineMaterials/DefaultDeferredDecalMaterial.uasset" 189
"../../../Engine/Content/EngineMaterials/DefaultDeferredDecalMaterial.uexp" 190
"../../../Engine/Content/Functions/Engine_MaterialFunctions02/Utility/BreakOutFloat2Components.uasset" 191
"../../../Engine/Content/Functions/Engine_MaterialFunctions02/Utility/BreakOutFloat2Components.uexp" 192
"../../../Engine/Content/EngineMaterials/DefaultPostProcessMaterial.uasset" 193
"../../../Engine/Content/EngineMaterials/DefaultPostProcessMaterial.uexp" 194
"../../../Engine/Content/EngineMaterials/DefaultPhysicalMaterial.uasset" 195
"../../../Engine/Content/EngineMaterials/DefaultPhysicalMaterial.uexp" 196
"../../../Engine/Content/EngineMaterials/BaseFlattenNormalMap.uasset" 197
"../../../Engine/Content/EngineMaterials/BaseFlattenNormalMap.uexp" 198
"../../../Engine/Content/EngineMaterials/BaseFlattenEmissiveMap.uasset" 199
"../../../Engine/Content/EngineMaterials/BaseFlattenEmissiveMap.uexp" 200
"../../../Engine/Content/EngineMaterials/BaseFlattenGrayscaleMap.uasset" 201
"../../../Engine/Content/EngineMaterials/BaseFlattenGrayscaleMap.uexp" 202
"../../../Engine/Content/EngineMaterials/BaseFlattenDiffuseMap.uasset" 203
"../../../Engine/Content/EngineMaterials/BaseFlattenDiffuseMap.uexp" 204
"../../../Engine/Content/EngineMaterials/BaseFlattenMaterial.uasset" 205
"../../../Engine/Content/EngineMaterials/BaseFlattenMaterial.uexp" 206
"../../../Engine/Content/EngineMaterials/InvalidLightmapSettings.uasset" 207
"../../../Engine/Content/EngineMaterials/InvalidLightmapSettings.uexp" 208
"../../../Engine/Content/EngineMaterials/InvalidLightmapSettings.ubulk" 209
"../../../Engine/Content/EngineMaterials/M_InvalidLightmapSettings.uasset" 210
"../../../Engine/Content/EngineMaterials/M_InvalidLightmapSettings.uexp" 211
"../../../Engine/Content/EngineFonts/RobotoDistanceField.uasset" 212
"../../../Engine/Content/EngineFonts/RobotoDistanceField.uexp" 213
"../../../Engine/Content/EngineMaterials/DefaultTextMaterialOpaque.uasset" 214
"../../../Engine/Content/EngineMaterials/DefaultTextMaterialOpaque.uexp" 215
"../../../Engine/Content/EngineMaterials/PreintegratedSkinBRDF.uasset" 216
"../../../Engine/Content/EngineMaterials/PreintegratedSkinBRDF.uexp" 217
"../../../Engine/Content/EngineMaterials/Widget3DPassThrough_Opaque_OneSided.uasset" 218
"../../../Engine/Content/EngineMaterials/Widget3DPassThrough_Opaque_OneSided.uexp" 219
"../../../Engine/Content/EngineMaterials/DefaultBokeh.uasset" 220
"../../../Engine/Content/EngineMaterials/DefaultBokeh.uexp" 221
"../../../Engine/Content/EngineMaterials/DefaultLightFunctionMaterial.uasset" 222
"../../../Engine/Content/EngineMaterials/DefaultLightFunctionMaterial.uexp" 223
"../../../Engine/Content/EngineMaterials/MiniFont.uasset" 224
"../../../Engine/Content/EngineMaterials/MiniFont.uexp" 225
"../../../Engine/Content/EngineMaterials/DefaultWhiteGrid.uasset" 226
"../../../Engine/Content/EngineMaterials/DefaultWhiteGrid.uexp" 227
"../../../Engine/Content/EngineMaterials/DefaultWhiteGrid.ubulk" 228
"../../../Engine/Content/EngineDebugMaterials/DebugEditorMaterial.uasset" 229
"../../../Engine/Content/EngineDebugMaterials/DebugEditorMaterial.uexp" 230
"../../../Engine/Content/Functions/Engine_MaterialFunctions01/Shading/ConvertFromDiffSpec.uasset" 231
"../../../Engine/Content/Functions/Engine_MaterialFunctions01/Shading/ConvertFromDiffSpec.uexp" 232
"../../../Engine/Content/EngineDebugMaterials/VertexColorMaterial.uasset" 233
"../../../Engine/Content/EngineDebugMaterials/VertexColorMaterial.uexp" 234
"../../../Engine/Content/EngineDebugMaterials/WireframeMaterial.uasset" 235
"../../../Engine/Content/EngineDebugMaterials/WireframeMaterial.uexp" 236
"../../../Engine/Content/EngineDebugMaterials/VolumeToRender.uasset" 237
"../../../Engine/Content/EngineDebugMaterials/VolumeToRender.uexp" 238
"../../../Engine/Content/Functions/Engine_MaterialFunctions02/Utility/CameraDirectionVector.uasset" 239
"../../../Engine/Content/Functions/Engine_MaterialFunctions02/Utility/CameraDirectionVector.uexp" 240
"../../../Engine/Content/EngineDebugMaterials/M_VolumeRenderSphereTracePP.uasset" 241
"../../../Engine/Content/EngineDebugMaterials/M_VolumeRenderSphereTracePP.uexp" 242
"../../../Engine/Content/EngineDebugMaterials/M_SimpleUnlitTranslucent.uasset" 243
"../../../Engine/Content/EngineDebugMaterials/M_SimpleUnlitTranslucent.uexp" 244
"../../../Engine/Content/EngineDebugMaterials/DebugMeshMaterial.uasset" 245
"../../../Engine/Content/EngineDebugMaterials/DebugMeshMaterial.uexp" 246
"../../../Engine/Content/BasicShapes/Cube.uasset" 247
"../../../Engine/Content/BasicShapes/Cube.uexp" 248
"../../../Engine/Content/BasicShapes/Plane.uasset" 249
"../../../Engine/Content/BasicShapes/Plane.uexp" 250
"../../../Engine/Content/EngineMaterials/DefaultMaterial.uasset" 251
"../../../Engine/Content/EngineMaterials/DefaultMaterial.uexp" 252
"../../../Engine/Content/BasicShapes/Sphere.uasset" 253
"../../../Engine/Content/BasicShapes/Sphere.uexp" 254
"../../../Engine/Content/Functions/Engine_MaterialFunctions01/Shading/PowerToRoughness.uasset" 255
"../../../Engine/Content/Functions/Engine_MaterialFunctions01/Shading/PowerToRoughness.uexp" 256
"../../../Engine/Content/EngineSounds/Master.uasset" 257
"../../../Engine/Content/EngineSounds/Master.uexp" 258
"../../../Engine/Content/EngineMeshes/Cylinder.uasset" 259
"../../../Engine/Content/EngineMeshes/Cylinder.uexp" 260
"../../../Engine/Content/EngineMeshes/Sphere.uasset" 261
"../../../Engine/Content/EngineMeshes/Sphere.uexp" 262
"../../../Engine/Content/EngineSky/VolumetricClouds/CloudWeatherTexture.uasset" 263
"../../../Engine/Content/EngineSky/VolumetricClouds/CloudWeatherTexture.uexp" 264
"../../../Engine/Content/EngineSky/VolumetricClouds/T_NoiseShape64.uasset" 265
"../../../Engine/Content/EngineSky/VolumetricClouds/T_NoiseShape64.uexp" 266
"../../../Engine/Content/EngineSky/VolumetricClouds/T_NoiseShape64.ubulk" 267
"../../../Engine/Content/EngineSky/VolumetricClouds/T_VolumeNoiseShape64.uasset" 268
"../../../Engine/Content/EngineSky/VolumetricClouds/T_VolumeNoiseShape64.uexp" 269
"../../../Engine/Content/EngineSky/VolumetricClouds/T_NoiseErosion.uasset" 270
"../../../Engine/Content/EngineSky/VolumetricClouds/T_NoiseErosion.uexp" 271
"../../../Engine/Content/EngineSky/VolumetricClouds/T_NoiseErosion.ubulk" 272
"../../../Engine/Content/EngineSky/VolumetricClouds/T_VolumeNoiseErosion32.uasset" 273
"../../../Engine/Content/EngineSky/VolumetricClouds/T_VolumeNoiseErosion32.uexp" 274
"../../../Engine/Content/EngineSky/VolumetricClouds/CloudGradientTexture.uasset" 275
"../../../Engine/Content/EngineSky/VolumetricClouds/CloudGradientTexture.uexp" 276
"../../../Engine/Content/Functions/Engine_MaterialFunctions02/Utility/MakeFloat2.uasset" 277
"../../../Engine/Content/Functions/Engine_MaterialFunctions02/Utility/MakeFloat2.uexp" 278
"../../../Engine/Content/EngineSky/VolumetricClouds/m_SimpleVolumetricCloud.uasset" 279
"../../../Engine/Content/EngineSky/VolumetricClouds/m_SimpleVolumetricCloud.uexp" 280
"../../../Engine/Content/EngineSky/VolumetricClouds/m_SimpleVolumetricCloud_Inst.uasset" 281
"../../../Engine/Content/EngineSky/VolumetricClouds/m_SimpleVolumetricCloud_Inst.uexp" 282
"../../../Engine/Plugins/2D/Paper2D/Content/PlaceholderTextures/DummySpriteTexture.uasset" 283
"../../../Engine/Plugins/2D/Paper2D/Content/PlaceholderTextures/DummySpriteTexture.uexp" 284
"../../../Engine/Plugins/2D/Paper2D/Content/PlaceholderTextures/DummySpriteTexture.ubulk" 285
"../../../Engine/Plugins/2D/Paper2D/Content/DefaultSpriteMaterial.uasset" 286
"../../../Engine/Plugins/2D/Paper2D/Content/DefaultSpriteMaterial.uexp" 287
"../../../Engine/Plugins/2D/Paper2D/Content/OpaqueUnlitSpriteMaterial.uasset" 288
"../../../Engine/Plugins/2D/Paper2D/Content/OpaqueUnlitSpriteMaterial.uexp" 289
"../../../Engine/Plugins/2D/Paper2D/Content/DummySprite.uasset" 290
"../../../Engine/Plugins/2D/Paper2D/Content/DummySprite.uexp" 291
"../../../Engine/Plugins/2D/Paper2D/Content/DefaultPaperTerrainMaterial.uasset" 292
"../../../Engine/Plugins/2D/Paper2D/Content/DefaultPaperTerrainMaterial.uexp" 293
"../../../Engine/Plugins/2D/Paper2D/Content/MaskedUnlitSpriteMaterial.uasset" 294
"../../../Engine/Plugins/2D/Paper2D/Content/MaskedUnlitSpriteMaterial.uexp" 295
"../../../Engine/Content/ArtTools/RenderToTexture/Materials/Debug/M_Emissive_Color.uasset" 296
"../../../Engine/Content/ArtTools/RenderToTexture/Materials/Debug/M_Emissive_Color.uexp" 297
"../../../Engine/Content/BasicShapes/Cylinder.uasset" 298
"../../../Engine/Content/BasicShapes/Cylinder.uexp" 299
"../../../Engine/Plugins/Lumin/MagicLeapPassableWorld/Content/MagicLeapARPinInfoActor.uasset" 300
"../../../Engine/Plugins/Lumin/MagicLeapPassableWorld/Content/MagicLeapARPinInfoActor.uexp" 301
"../../../Engine/Plugins/Editor/SpeedTreeImporter/Content/SpeedTree9/EmptyNormal.uasset" 302
"../../../Engine/Plugins/Editor/SpeedTreeImporter/Content/SpeedTree9/EmptyNormal.uexp" 303
"../../../Engine/Plugins/Editor/SpeedTreeImporter/Content/SpeedTree9/Empty.uasset" 304
"../../../Engine/Plugins/Editor/SpeedTreeImporter/Content/SpeedTree9/Empty.uexp" 305
"../../../Engine/Content/Functions/Engine_MaterialFunctions02/Utility/BreakOutFloat3Components.uasset" 306
"../../../Engine/Content/Functions/Engine_MaterialFunctions02/Utility/BreakOutFloat3Components.uexp" 307
"../../../Engine/Plugins/Editor/SpeedTreeImporter/Content/SpeedTree9/UnpackInteger3.uasset" 308
"../../../Engine/Plugins/Editor/SpeedTreeImporter/Content/SpeedTree9/UnpackInteger3.uexp" 309
"../../../Engine/Plugins/Editor/SpeedTreeImporter/Content/SpeedTree9/SpeedTreeBillboard.uasset" 310
"../../../Engine/Plugins/Editor/SpeedTreeImporter/Content/SpeedTree9/SpeedTreeBillboard.uexp" 311
"../../../Engine/Plugins/Editor/SpeedTreeImporter/Content/SpeedTree9/UnpackDirection.uasset" 312
"../../../Engine/Plugins/Editor/SpeedTreeImporter/Content/SpeedTree9/UnpackDirection.uexp" 313
"../../../Engine/Plugins/Editor/SpeedTreeImporter/Content/SpeedTree9/game_wind_noise.uasset" 314
"../../../Engine/Plugins/Editor/SpeedTreeImporter/Content/SpeedTree9/game_wind_noise.uexp" 315
"../../../Engine/Plugins/Editor/SpeedTreeImporter/Content/SpeedTree9/game_wind_noise.ubulk" 316
"../../../Engine/Content/Functions/Engine_MaterialFunctions02/SafeNormalize.uasset" 317
"../../../Engine/Content/Functions/Engine_MaterialFunctions02/SafeNormalize.uexp" 318
"../../../Engine/Plugins/Editor/SpeedTreeImporter/Content/SpeedTree9/SpeedTreeWindMotion.uasset" 319
"../../../Engine/Plugins/Editor/SpeedTreeImporter/Content/SpeedTree9/SpeedTreeWindMotion.uexp" 320
"../../../Engine/Plugins/Editor/SpeedTreeImporter/Content/SpeedTree9/SpeedTreeBranchMotion.uasset" 321
"../../../Engine/Plugins/Editor/SpeedTreeImporter/Content/SpeedTree9/SpeedTreeBranchMotion.uexp" 322
"../../../Engine/Content/Functions/Engine_MaterialFunctions02/ObjectLocalBounds.uasset" 323
"../../../Engine/Content/Functions/Engine_MaterialFunctions02/ObjectLocalBounds.uexp" 324
"../../../Engine/Content/Functions/Engine_MaterialFunctions02/UVs/BoundingBoxBased_0-1_UVW.uasset" 325
"../../../Engine/Content/Functions/Engine_MaterialFunctions02/UVs/BoundingBoxBased_0-1_UVW.uexp" 326
"../../../Engine/Content/Functions/Engine_MaterialFunctions02/Utility/VectorLength.uasset" 327
"../../../Engine/Content/Functions/Engine_MaterialFunctions02/Utility/VectorLength.uexp" 328
"../../../Engine/Content/Functions/Engine_MaterialFunctions02/WorldPositionOffset/ObjectScale.uasset" 329
"../../../Engine/Content/Functions/Engine_MaterialFunctions02/WorldPositionOffset/ObjectScale.uexp" 330
"../../../Engine/Plugins/Editor/SpeedTreeImporter/Content/SpeedTree9/SpeedTreeWind.uasset" 331
"../../../Engine/Plugins/Editor/SpeedTreeImporter/Content/SpeedTree9/SpeedTreeWind.uexp" 332
"../../../Engine/Plugins/Editor/SpeedTreeImporter/Content/SpeedTree9/SpeedTreeBillboardMaster.uasset" 333
"../../../Engine/Plugins/Editor/SpeedTreeImporter/Content/SpeedTree9/SpeedTreeBillboardMaster.uexp" 334
"../../../Engine/Plugins/Editor/SpeedTreeImporter/Content/SpeedTree9/SpeedTreeCameraFacing.uasset" 335
"../../../Engine/Plugins/Editor/SpeedTreeImporter/Content/SpeedTree9/SpeedTreeCameraFacing.uexp" 336
"../../../Engine/Plugins/Editor/SpeedTreeImporter/Content/SpeedTree9/SpeedTreeMaster.uasset" 337
"../../../Engine/Plugins/Editor/SpeedTreeImporter/Content/SpeedTree9/SpeedTreeMaster.uexp" 338
"/Users/cggatica/Documents/Unreal Projects/CatastrophyPrj/Content/Geometry/Meshes/CubeMaterial.uasset" 339
"/Users/cggatica/Documents/Unreal Projects/CatastrophyPrj/Content/Geometry/Meshes/CubeMaterial.uexp" 340
"/Users/cggatica/Documents/Unreal Projects/CatastrophyPrj/Content/Geometry/Meshes/1M_Cube.uasset" 341
"/Users/cggatica/Documents/Unreal Projects/CatastrophyPrj/Content/Geometry/Meshes/1M_Cube.uexp" 342
"../../../Engine/Content/EngineSky/T_Sky_Stars.uasset" 343
"../../../Engine/Content/EngineSky/T_Sky_Stars.uexp" 344
"../../../Engine/Content/EngineSky/T_Sky_Stars.ubulk" 345
"../../../Engine/Content/EngineSky/T_Sky_Clouds_M.uasset" 346
"../../../Engine/Content/EngineSky/T_Sky_Clouds_M.uexp" 347
"../../../Engine/Content/EngineSky/T_Sky_Clouds_M.ubulk" 348
"../../../Engine/Content/EngineSky/T_Sky_Blue.uasset" 349
"../../../Engine/Content/EngineSky/T_Sky_Blue.uexp" 350
"../../../Engine/Content/EngineSky/T_Sky_Blue.ubulk" 351
"../../../Engine/Content/EngineSky/M_Sky_Panning_Clouds2.uasset" 352
"../../../Engine/Content/EngineSky/M_Sky_Panning_Clouds2.uexp" 353
"../../../Engine/Content/Functions/Engine_MaterialFunctions03/Procedurals/ComputeFilterWidth.uasset" 354
"../../../Engine/Content/Functions/Engine_MaterialFunctions03/Procedurals/ComputeFilterWidth.uexp" 355
"../../../Engine/Content/EngineMaterials/AntiAliasedTextMaterialTranslucent.uasset" 356
"../../../Engine/Content/EngineMaterials/AntiAliasedTextMaterialTranslucent.uexp" 357
"../../../Engine/Content/EngineSky/C_Sky_Horizon_Color.uasset" 358
"../../../Engine/Content/EngineSky/C_Sky_Horizon_Color.uexp" 359
"../../../Engine/Content/EngineSky/C_Sky_Cloud_Color.uasset" 360
"../../../Engine/Content/EngineSky/C_Sky_Cloud_Color.uexp" 361
"../../../Engine/Content/EngineSky/C_Sky_Zenith_Color.uasset" 362
"../../../Engine/Content/EngineSky/C_Sky_Zenith_Color.uexp" 363
"../../../Engine/Content/EngineSky/SM_SkySphere.uasset" 364
"../../../Engine/Content/EngineSky/SM_SkySphere.uexp" 365
"../../../Engine/Content/EngineSky/BP_Sky_Sphere.uasset" 366
"../../../Engine/Content/EngineSky/BP_Sky_Sphere.uexp" 367
"/Users/cggatica/Documents/Unreal Projects/CatastrophyPrj/Content/FirstPersonBP/Blueprints/FirstPersonCharacter.uasset" 368
"/Users/cggatica/Documents/Unreal Projects/CatastrophyPrj/Content/FirstPersonBP/Blueprints/FirstPersonCharacter.uexp" 369
"/Users/cggatica/Documents/Unreal Projects/CatastrophyPrj/Content/FirstPersonBP/Maps/FirstPersonExampleMap.uexp" 370
"/Users/cggatica/Documents/Unreal Projects/CatastrophyPrj/Content/FirstPersonBP/Maps/FirstPersonExampleMap.ubulk" 371
"/Users/cggatica/Documents/Unreal Projects/CatastrophyPrj/Content/FirstPersonBP/Maps/FirstPersonExampleMap.umap" 372
"/Users/cggatica/Documents/Unreal Projects/CatastrophyPrj/Content/StarterContent/Audio/Starter_Wind05.uasset" 373
"/Users/cggatica/Documents/Unreal Projects/CatastrophyPrj/Content/StarterContent/Audio/Starter_Wind05.uexp" 374
"/Users/cggatica/Documents/Unreal Projects/CatastrophyPrj/Content/StarterContent/Audio/Starter_Birds01.uasset" 375
"/Users/cggatica/Documents/Unreal Projects/CatastrophyPrj/Content/StarterContent/Audio/Starter_Birds01.uexp" 376
"/Users/cggatica/Documents/Unreal Projects/CatastrophyPrj/Content/StarterContent/Audio/Starter_Wind06.uasset" 377
"/Users/cggatica/Documents/Unreal Projects/CatastrophyPrj/Content/StarterContent/Audio/Starter_Wind06.uexp" 378
"/Users/cggatica/Documents/Unreal Projects/CatastrophyPrj/Content/StarterContent/Audio/Starter_Background_Cue.uasset" 379
"/Users/cggatica/Documents/Unreal Projects/CatastrophyPrj/Content/StarterContent/Audio/Starter_Background_Cue.uexp" 380
"/Users/cggatica/Documents/Unreal Projects/CatastrophyPrj/Content/GameContents/CatasrophyPrj_1.uexp" 381
"/Users/cggatica/Documents/Unreal Projects/CatastrophyPrj/Content/GameContents/CatasrophyPrj_1.umap" 382
"/Users/cggatica/Documents/Unreal Projects/CatastrophyPrj/Content/StarterContent/HDRI/HDRI_Epic_Courtyard_Daylight.uasset" 383
"/Users/cggatica/Documents/Unreal Projects/CatastrophyPrj/Content/StarterContent/HDRI/HDRI_Epic_Courtyard_Daylight.uexp" 384
"/Users/cggatica/Documents/Unreal Projects/CatastrophyPrj/Content/StarterContent/Materials/M_AssetPlatform.uasset" 385
"/Users/cggatica/Documents/Unreal Projects/CatastrophyPrj/Content/StarterContent/Materials/M_AssetPlatform.uexp" 386
"/Users/cggatica/Documents/Unreal Projects/CatastrophyPrj/Content/StarterContent/Architecture/SM_AssetPlatform.uasset" 387
"/Users/cggatica/Documents/Unreal Projects/CatastrophyPrj/Content/StarterContent/Architecture/SM_AssetPlatform.uexp" 388
"../../../Engine/Content/MapTemplates/Sky/DaylightAmbientCubemap.uasset" 389
"../../../Engine/Content/MapTemplates/Sky/DaylightAmbientCubemap.uexp" 390
"/Users/cggatica/Documents/Unreal Projects/CatastrophyPrj/Content/StarterContent/Blueprints/Assets/M_LightStage_Skybox_Master.uasset" 391
"/Users/cggatica/Documents/Unreal Projects/CatastrophyPrj/Content/StarterContent/Blueprints/Assets/M_LightStage_Skybox_Master.uexp" 392
"/Users/cggatica/Documents/Unreal Projects/CatastrophyPrj/Content/StarterContent/Blueprints/Assets/M_LightStage_Skybox_HDRI.uasset" 393
"/Users/cggatica/Documents/Unreal Projects/CatastrophyPrj/Content/StarterContent/Blueprints/Assets/M_LightStage_Skybox_HDRI.uexp" 394
"/Users/cggatica/Documents/Unreal Projects/CatastrophyPrj/Content/StarterContent/Blueprints/Assets/M_LightStage_Arrows.uasset" 395
"/Users/cggatica/Documents/Unreal Projects/CatastrophyPrj/Content/StarterContent/Blueprints/Assets/M_LightStage_Arrows.uexp" 396
"/Users/cggatica/Documents/Unreal Projects/CatastrophyPrj/Content/Levels/Advanced_Lighting_BuiltData.uasset" 397
"/Users/cggatica/Documents/Unreal Projects/CatastrophyPrj/Content/Levels/Advanced_Lighting_BuiltData.uexp" 398
"/Users/cggatica/Documents/Unreal Projects/CatastrophyPrj/Content/Levels/Advanced_Lighting_BuiltData.ubulk" 399
"/Users/cggatica/Documents/Unreal Projects/CatastrophyPrj/Content/StarterContent/Blueprints/Assets/SM_Arrows.uasset" 400
"/Users/cggatica/Documents/Unreal Projects/CatastrophyPrj/Content/StarterContent/Blueprints/Assets/SM_Arrows.uexp" 401
"/Users/cggatica/Documents/Unreal Projects/CatastrophyPrj/Content/StarterContent/Blueprints/Assets/Skybox.uasset" 402
"/Users/cggatica/Documents/Unreal Projects/CatastrophyPrj/Content/StarterContent/Blueprints/Assets/Skybox.uexp" 403
"/Users/cggatica/Documents/Unreal Projects/CatastrophyPrj/Content/StarterContent/Blueprints/Assets/M_LightStage_Skybox_Black.uasset" 404
"/Users/cggatica/Documents/Unreal Projects/CatastrophyPrj/Content/StarterContent/Blueprints/Assets/M_LightStage_Skybox_Black.uexp" 405
"/Users/cggatica/Documents/Unreal Projects/CatastrophyPrj/Content/StarterContent/Blueprints/Assets/SunlightColorLUT.uasset" 406
"/Users/cggatica/Documents/Unreal Projects/CatastrophyPrj/Content/StarterContent/Blueprints/Assets/SunlightColorLUT.uexp" 407
"/Users/cggatica/Documents/Unreal Projects/CatastrophyPrj/Content/StarterContent/Blueprints/Assets/FogBrightnessLUT.uasset" 408
"/Users/cggatica/Documents/Unreal Projects/CatastrophyPrj/Content/StarterContent/Blueprints/Assets/FogBrightnessLUT.uexp" 409
"/Users/cggatica/Documents/Unreal Projects/CatastrophyPrj/Content/StarterContent/Blueprints/BP_LightStudio.uasset" 410
"/Users/cggatica/Documents/Unreal Projects/CatastrophyPrj/Content/StarterContent/Blueprints/BP_LightStudio.uexp" 411
"/Users/cggatica/Documents/Unreal Projects/CatastrophyPrj/Content/Levels/Advanced_Lighting.uexp" 412
"/Users/cggatica/Documents/Unreal Projects/CatastrophyPrj/Content/Levels/Advanced_Lighting.umap" 413
"../../../Engine/Content/BasicShapes/Cone.uasset" 414
"../../../Engine/Content/BasicShapes/Cone.uexp" 415
"../../../Engine/Content/BasicShapes/BasicShapeMaterial.uasset" 416
"../../../Engine/Content/BasicShapes/BasicShapeMaterial.uexp" 417
"/Users/cggatica/Documents/Unreal Projects/CatastrophyPrj/Content/GameContents/PottedPlant_lowPoli/lambert8.uasset" 418
"/Users/cggatica/Documents/Unreal Projects/CatastrophyPrj/Content/GameContents/PottedPlant_lowPoli/lambert8.uexp" 419
"/Users/cggatica/Documents/Unreal Projects/CatastrophyPrj/Content/GameContents/PottedPlant_lowPoli/stemgroup2/stem_3/pasted__rubberPlant5Main1.uasset" 420
"/Users/cggatica/Documents/Unreal Projects/CatastrophyPrj/Content/GameContents/PottedPlant_lowPoli/stemgroup2/stem_3/pasted__rubberPlant5Main1.uexp" 421
"/Users/cggatica/Documents/Unreal Projects/CatastrophyPrj/Content/GameContents/PottedPlant_lowPoli/stemgroup1/stem_2.uasset" 422
"/Users/cggatica/Documents/Unreal Projects/CatastrophyPrj/Content/GameContents/PottedPlant_lowPoli/stemgroup1/stem_2.uexp" 423
"/Users/cggatica/Documents/Unreal Projects/CatastrophyPrj/Content/GameContents/PottedPlant_lowPoli/stemgroup1/stem_1.uasset" 424
"/Users/cggatica/Documents/Unreal Projects/CatastrophyPrj/Content/GameContents/PottedPlant_lowPoli/stemgroup1/stem_1.uexp" 425
"/Users/cggatica/Documents/Unreal Projects/CatastrophyPrj/Content/GameContents/PottedPlant_lowPoli/stemgroup1/stem.uasset" 426
"/Users/cggatica/Documents/Unreal Projects/CatastrophyPrj/Content/GameContents/PottedPlant_lowPoli/stemgroup1/stem.uexp" 427
"/Users/cggatica/Documents/Unreal Projects/CatastrophyPrj/Content/GameContents/PottedPlant_lowPoli/lambert1.uasset" 428
"/Users/cggatica/Documents/Unreal Projects/CatastrophyPrj/Content/GameContents/PottedPlant_lowPoli/lambert1.uexp" 429
"/Users/cggatica/Documents/Unreal Projects/CatastrophyPrj/Content/GameContents/PottedPlant_lowPoli/Leaf1.uasset" 430
"/Users/cggatica/Documents/Unreal Projects/CatastrophyPrj/Content/GameContents/PottedPlant_lowPoli/Leaf1.uexp" 431
"/Users/cggatica/Documents/Unreal Projects/CatastrophyPrj/Content/GameContents/PottedPlant_lowPoli/stem_5.uasset" 432
"/Users/cggatica/Documents/Unreal Projects/CatastrophyPrj/Content/GameContents/PottedPlant_lowPoli/stem_5.uexp" 433
"/Users/cggatica/Documents/Unreal Projects/CatastrophyPrj/Content/GameContents/PottedPlant_lowPoli/lambert7.uasset" 434
"/Users/cggatica/Documents/Unreal Projects/CatastrophyPrj/Content/GameContents/PottedPlant_lowPoli/lambert7.uexp" 435
"/Users/cggatica/Documents/Unreal Projects/CatastrophyPrj/Content/GameContents/PottedPlant_lowPoli/dirt.uasset" 436
"/Users/cggatica/Documents/Unreal Projects/CatastrophyPrj/Content/GameContents/PottedPlant_lowPoli/dirt.uexp" 437
"/Users/cggatica/Documents/Unreal Projects/CatastrophyPrj/Content/GameContents/PottedPlant_lowPoli/leaf3.uasset" 438
"/Users/cggatica/Documents/Unreal Projects/CatastrophyPrj/Content/GameContents/PottedPlant_lowPoli/leaf3.uexp" 439
"/Users/cggatica/Documents/Unreal Projects/CatastrophyPrj/Content/GameContents/PottedPlant_lowPoli/lambert6.uasset" 440
"/Users/cggatica/Documents/Unreal Projects/CatastrophyPrj/Content/GameContents/PottedPlant_lowPoli/lambert6.uexp" 441
"/Users/cggatica/Documents/Unreal Projects/CatastrophyPrj/Content/GameContents/PottedPlant_lowPoli/Pot.uasset" 442
"/Users/cggatica/Documents/Unreal Projects/CatastrophyPrj/Content/GameContents/PottedPlant_lowPoli/Pot.uexp" 443
"/Users/cggatica/Documents/Unreal Projects/CatastrophyPrj/Content/GameContents/PottedPlant_lowPoli/stem_4.uasset" 444
"/Users/cggatica/Documents/Unreal Projects/CatastrophyPrj/Content/GameContents/PottedPlant_lowPoli/stem_4.uexp" 445
"/Users/cggatica/Documents/Unreal Projects/CatastrophyPrj/Content/GameContents/PottedPlant_lowPoli/leaf2.uasset" 446
"/Users/cggatica/Documents/Unreal Projects/CatastrophyPrj/Content/GameContents/PottedPlant_lowPoli/leaf2.uexp" 447
"/Users/cggatica/Documents/Unreal Projects/CatastrophyPrj/Content/GameContents/PottedPlant_lowPoli/leaf4.uasset" 448
"/Users/cggatica/Documents/Unreal Projects/CatastrophyPrj/Content/GameContents/PottedPlant_lowPoli/leaf4.uexp" 449
"/Users/cggatica/Documents/Unreal Projects/CatastrophyPrj/Content/GameContents/PottedPlant_lowPoli/PottedPlant1Lo_Blueprint.uasset" 450
"/Users/cggatica/Documents/Unreal Projects/CatastrophyPrj/Content/GameContents/PottedPlant_lowPoli/PottedPlant1Lo_Blueprint.uexp" 451
"/Users/cggatica/Documents/Unreal Projects/CatastrophyPrj/Content/GameContents/couch_GEO_lo/couch_cushion_Group/cushion1_GEO.uasset" 452
"/Users/cggatica/Documents/Unreal Projects/CatastrophyPrj/Content/GameContents/couch_GEO_lo/couch_cushion_Group/cushion1_GEO.uexp" 453
"/Users/cggatica/Documents/Unreal Projects/CatastrophyPrj/Content/GameContents/PottedPlant2_Low/lambert1.uasset" 454
"/Users/cggatica/Documents/Unreal Projects/CatastrophyPrj/Content/GameContents/PottedPlant2_Low/lambert1.uexp" 455
"/Users/cggatica/Documents/Unreal Projects/CatastrophyPrj/Content/GameContents/PottedPlant2_Low/Leaf3.uasset" 456
"/Users/cggatica/Documents/Unreal Projects/CatastrophyPrj/Content/GameContents/PottedPlant2_Low/Leaf3.uexp" 457
"/Users/cggatica/Documents/Unreal Projects/CatastrophyPrj/Content/GameContents/PottedPlant2_Low/Leaf1.uasset" 458
"/Users/cggatica/Documents/Unreal Projects/CatastrophyPrj/Content/GameContents/PottedPlant2_Low/Leaf1.uexp" 459
"/Users/cggatica/Documents/Unreal Projects/CatastrophyPrj/Content/GameContents/PottedPlant2_Low/lambert7.uasset" 460
"/Users/cggatica/Documents/Unreal Projects/CatastrophyPrj/Content/GameContents/PottedPlant2_Low/lambert7.uexp" 461
"/Users/cggatica/Documents/Unreal Projects/CatastrophyPrj/Content/GameContents/PottedPlant2_Low/Dirt.uasset" 462
"/Users/cggatica/Documents/Unreal Projects/CatastrophyPrj/Content/GameContents/PottedPlant2_Low/Dirt.uexp" 463
"/Users/cggatica/Documents/Unreal Projects/CatastrophyPrj/Content/GameContents/PottedPlant2_Low/Leaf5.uasset" 464
"/Users/cggatica/Documents/Unreal Projects/CatastrophyPrj/Content/GameContents/PottedPlant2_Low/Leaf5.uexp" 465
"/Users/cggatica/Documents/Unreal Projects/CatastrophyPrj/Content/GameContents/PottedPlant2_Low/Leaf.uasset" 466
"/Users/cggatica/Documents/Unreal Projects/CatastrophyPrj/Content/GameContents/PottedPlant2_Low/Leaf.uexp" 467
"/Users/cggatica/Documents/Unreal Projects/CatastrophyPrj/Content/GameContents/PottedPlant2_Low/lambert6.uasset" 468
"/Users/cggatica/Documents/Unreal Projects/CatastrophyPrj/Content/GameContents/PottedPlant2_Low/lambert6.uexp" 469
"/Users/cggatica/Documents/Unreal Projects/CatastrophyPrj/Content/GameContents/PottedPlant2_Low/Pot.uasset" 470
"/Users/cggatica/Documents/Unreal Projects/CatastrophyPrj/Content/GameContents/PottedPlant2_Low/Pot.uexp" 471
"/Users/cggatica/Documents/Unreal Projects/CatastrophyPrj/Content/GameContents/PottedPlant2_Low/Leaf2.uasset" 472
"/Users/cggatica/Documents/Unreal Projects/CatastrophyPrj/Content/GameContents/PottedPlant2_Low/Leaf2.uexp" 473
"/Users/cggatica/Documents/Unreal Projects/CatastrophyPrj/Content/GameContents/PottedPlant2_Low/Leaf6.uasset" 474
"/Users/cggatica/Documents/Unreal Projects/CatastrophyPrj/Content/GameContents/PottedPlant2_Low/Leaf6.uexp" 475
"/Users/cggatica/Documents/Unreal Projects/CatastrophyPrj/Content/GameContents/PottedPlant2_Low/Leaf4.uasset" 476
"/Users/cggatica/Documents/Unreal Projects/CatastrophyPrj/Content/GameContents/PottedPlant2_Low/Leaf4.uexp" 477
"/Users/cggatica/Documents/Unreal Projects/CatastrophyPrj/Content/GameContents/PottedPlant2_Low/PottedPlant2Lo_Blueprint.uasset" 478
"/Users/cggatica/Documents/Unreal Projects/CatastrophyPrj/Content/GameContents/PottedPlant2_Low/PottedPlant2Lo_Blueprint.uexp" 479
"/Users/cggatica/Documents/Unreal Projects/CatastrophyPrj/Content/GameContents/thickBook_GEO_lo/lambert1.uasset" 480
"/Users/cggatica/Documents/Unreal Projects/CatastrophyPrj/Content/GameContents/thickBook_GEO_lo/lambert1.uexp" 481
"/Users/cggatica/Documents/Unreal Projects/CatastrophyPrj/Content/GameContents/thickBook_GEO_lo/Book_cover.uasset" 482
"/Users/cggatica/Documents/Unreal Projects/CatastrophyPrj/Content/GameContents/thickBook_GEO_lo/Book_cover.uexp" 483
"/Users/cggatica/Documents/Unreal Projects/CatastrophyPrj/Content/GameContents/thickBook_GEO_lo/Bookmark.uasset" 484
"/Users/cggatica/Documents/Unreal Projects/CatastrophyPrj/Content/GameContents/thickBook_GEO_lo/Bookmark.uexp" 485
"/Users/cggatica/Documents/Unreal Projects/CatastrophyPrj/Content/GameContents/thickBook_GEO_lo/pages.uasset" 486
"/Users/cggatica/Documents/Unreal Projects/CatastrophyPrj/Content/GameContents/thickBook_GEO_lo/pages.uexp" 487
"/Users/cggatica/Documents/Unreal Projects/CatastrophyPrj/Content/GameContents/thickBook_GEO_lo/THICCBookLow_Blueprint.uasset" 488
"/Users/cggatica/Documents/Unreal Projects/CatastrophyPrj/Content/GameContents/thickBook_GEO_lo/THICCBookLow_Blueprint.uexp" 489
"/Users/cggatica/Documents/Unreal Projects/CatastrophyPrj/Content/GameContents/Plant3_Low/lambert6.uasset" 490
"/Users/cggatica/Documents/Unreal Projects/CatastrophyPrj/Content/GameContents/Plant3_Low/lambert6.uexp" 491
"/Users/cggatica/Documents/Unreal Projects/CatastrophyPrj/Content/GameContents/Plant3_Low/pot.uasset" 492
"/Users/cggatica/Documents/Unreal Projects/CatastrophyPrj/Content/GameContents/Plant3_Low/pot.uexp" 493
"/Users/cggatica/Documents/Unreal Projects/CatastrophyPrj/Content/GameContents/Plant3_Low/lambert1.uasset" 494
"/Users/cggatica/Documents/Unreal Projects/CatastrophyPrj/Content/GameContents/Plant3_Low/lambert1.uexp" 495
"/Users/cggatica/Documents/Unreal Projects/CatastrophyPrj/Content/GameContents/Plant3_Low/leaf9.uasset" 496
"/Users/cggatica/Documents/Unreal Projects/CatastrophyPrj/Content/GameContents/Plant3_Low/leaf9.uexp" 497
"/Users/cggatica/Documents/Unreal Projects/CatastrophyPrj/Content/GameContents/Plant3_Low/leaf7.uasset" 498
"/Users/cggatica/Documents/Unreal Projects/CatastrophyPrj/Content/GameContents/Plant3_Low/leaf7.uexp" 499
"/Users/cggatica/Documents/Unreal Projects/CatastrophyPrj/Content/GameContents/Plant3_Low/leaf6.uasset" 500
"/Users/cggatica/Documents/Unreal Projects/CatastrophyPrj/Content/GameContents/Plant3_Low/leaf6.uexp" 501
"/Users/cggatica/Documents/Unreal Projects/CatastrophyPrj/Content/GameContents/Plant3_Low/leaf5.uasset" 502
"/Users/cggatica/Documents/Unreal Projects/CatastrophyPrj/Content/GameContents/Plant3_Low/leaf5.uexp" 503
"/Users/cggatica/Documents/Unreal Projects/CatastrophyPrj/Content/GameContents/Plant3_Low/leaf3.uasset" 504
"/Users/cggatica/Documents/Unreal Projects/CatastrophyPrj/Content/GameContents/Plant3_Low/leaf3.uexp" 505
"/Users/cggatica/Documents/Unreal Projects/CatastrophyPrj/Content/GameContents/Plant3_Low/leaf2.uasset" 506
"/Users/cggatica/Documents/Unreal Projects/CatastrophyPrj/Content/GameContents/Plant3_Low/leaf2.uexp" 507
"/Users/cggatica/Documents/Unreal Projects/CatastrophyPrj/Content/GameContents/Plant3_Low/leaf12.uasset" 508
"/Users/cggatica/Documents/Unreal Projects/CatastrophyPrj/Content/GameContents/Plant3_Low/leaf12.uexp" 509
"/Users/cggatica/Documents/Unreal Projects/CatastrophyPrj/Content/GameContents/Plant3_Low/leaf11.uasset" 510
"/Users/cggatica/Documents/Unreal Projects/CatastrophyPrj/Content/GameContents/Plant3_Low/leaf11.uexp" 511
"/Users/cggatica/Documents/Unreal Projects/CatastrophyPrj/Content/GameContents/Plant3_Low/leaf10.uasset" 512
"/Users/cggatica/Documents/Unreal Projects/CatastrophyPrj/Content/GameContents/Plant3_Low/leaf10.uexp" 513
"/Users/cggatica/Documents/Unreal Projects/CatastrophyPrj/Content/GameContents/Plant3_Low/leaf1.uasset" 514
"/Users/cggatica/Documents/Unreal Projects/CatastrophyPrj/Content/GameContents/Plant3_Low/leaf1.uexp" 515
"/Users/cggatica/Documents/Unreal Projects/CatastrophyPrj/Content/GameContents/Plant3_Low/leaf.uasset" 516
"/Users/cggatica/Documents/Unreal Projects/CatastrophyPrj/Content/GameContents/Plant3_Low/leaf.uexp" 517
"/Users/cggatica/Documents/Unreal Projects/CatastrophyPrj/Content/GameContents/Plant3_Low/lambert7.uasset" 518
"/Users/cggatica/Documents/Unreal Projects/CatastrophyPrj/Content/GameContents/Plant3_Low/lambert7.uexp" 519
"/Users/cggatica/Documents/Unreal Projects/CatastrophyPrj/Content/GameContents/Plant3_Low/dirt.uasset" 520
"/Users/cggatica/Documents/Unreal Projects/CatastrophyPrj/Content/GameContents/Plant3_Low/dirt.uexp" 521
"/Users/cggatica/Documents/Unreal Projects/CatastrophyPrj/Content/GameContents/Plant3_Low/leaf4.uasset" 522
"/Users/cggatica/Documents/Unreal Projects/CatastrophyPrj/Content/GameContents/Plant3_Low/leaf4.uexp" 523
"/Users/cggatica/Documents/Unreal Projects/CatastrophyPrj/Content/GameContents/Plant3_Low/leaf8.uasset" 524
"/Users/cggatica/Documents/Unreal Projects/CatastrophyPrj/Content/GameContents/Plant3_Low/leaf8.uexp" 525
"/Users/cggatica/Documents/Unreal Projects/CatastrophyPrj/Content/GameContents/Plant3_Low/PottedPlant3Lo_Blueprint.uasset" 526
"/Users/cggatica/Documents/Unreal Projects/CatastrophyPrj/Content/GameContents/Plant3_Low/PottedPlant3Lo_Blueprint.uexp" 527
"/Users/cggatica/Documents/Unreal Projects/CatastrophyPrj/Content/GameContents/lambert1.uasset" 528
"/Users/cggatica/Documents/Unreal Projects/CatastrophyPrj/Content/GameContents/lambert1.uexp" 529
"/Users/cggatica/Documents/Unreal Projects/CatastrophyPrj/Content/GameContents/openBook_GEO_lo.uasset" 530
"/Users/cggatica/Documents/Unreal Projects/CatastrophyPrj/Content/GameContents/openBook_GEO_lo.uexp" 531
"/Users/cggatica/Documents/Unreal Projects/CatastrophyPrj/Content/GameContents/OpenBookLo_Blueprint.uasset" 532
"/Users/cggatica/Documents/Unreal Projects/CatastrophyPrj/Content/GameContents/OpenBookLo_Blueprint.uexp" 533
"/Users/cggatica/Documents/Unreal Projects/CatastrophyPrj/Content/GameContents/door_GEO_Low/door_handle_GEO/pCylinder1.uasset" 534
"/Users/cggatica/Documents/Unreal Projects/CatastrophyPrj/Content/GameContents/door_GEO_Low/door_handle_GEO/pCylinder1.uexp" 535
"/Users/cggatica/Documents/Unreal Projects/CatastrophyPrj/Content/GameContents/door_GEO_Low/door_handle_GEO/pCube5.uasset" 536
"/Users/cggatica/Documents/Unreal Projects/CatastrophyPrj/Content/GameContents/door_GEO_Low/door_handle_GEO/pCube5.uexp" 537
"/Users/cggatica/Documents/Unreal Projects/CatastrophyPrj/Content/GameContents/door_GEO_Low/door_handle_GEO/pCube4.uasset" 538
"/Users/cggatica/Documents/Unreal Projects/CatastrophyPrj/Content/GameContents/door_GEO_Low/door_handle_GEO/pCube4.uexp" 539
"/Users/cggatica/Documents/Unreal Projects/CatastrophyPrj/Content/GameContents/door_GEO_Low/door_handle_GEO/pCube3.uasset" 540
"/Users/cggatica/Documents/Unreal Projects/CatastrophyPrj/Content/GameContents/door_GEO_Low/door_handle_GEO/pCube3.uexp" 541
"/Users/cggatica/Documents/Unreal Projects/CatastrophyPrj/Content/GameContents/door_GEO_Low/door_frame_GEO.uasset" 542
"/Users/cggatica/Documents/Unreal Projects/CatastrophyPrj/Content/GameContents/door_GEO_Low/door_frame_GEO.uexp" 543
"/Users/cggatica/Documents/Unreal Projects/CatastrophyPrj/Content/GameContents/door_GEO_Low.uasset" 544
"/Users/cggatica/Documents/Unreal Projects/CatastrophyPrj/Content/GameContents/door_GEO_Low.uexp" 545
"/Users/cggatica/Documents/Unreal Projects/CatastrophyPrj/Content/GameContents/DoorLo_Blueprint.uasset" 546
"/Users/cggatica/Documents/Unreal Projects/CatastrophyPrj/Content/GameContents/DoorLo_Blueprint.uexp" 547
"/Users/cggatica/Documents/Unreal Projects/CatastrophyPrj/Content/GameContents/Layout/Living_Room/lambert1.uasset" 548
"/Users/cggatica/Documents/Unreal Projects/CatastrophyPrj/Content/GameContents/Layout/Living_Room/lambert1.uexp" 549
"/Users/cggatica/Documents/Unreal Projects/CatastrophyPrj/Content/GameContents/Layout/Living_Room/Wall4.uasset" 550
"/Users/cggatica/Documents/Unreal Projects/CatastrophyPrj/Content/GameContents/Layout/Living_Room/Wall4.uexp" 551
"/Users/cggatica/Documents/Unreal Projects/CatastrophyPrj/Content/GameContents/Layout/Living_Room/Wall1.uasset" 552
"/Users/cggatica/Documents/Unreal Projects/CatastrophyPrj/Content/GameContents/Layout/Living_Room/Wall1.uexp" 553
"/Users/cggatica/Documents/Unreal Projects/CatastrophyPrj/Content/GameContents/Layout/Living_Room/Floor1.uasset" 554
"/Users/cggatica/Documents/Unreal Projects/CatastrophyPrj/Content/GameContents/Layout/Living_Room/Floor1.uexp" 555
"/Users/cggatica/Documents/Unreal Projects/CatastrophyPrj/Content/GameContents/Layout/Living_Room/FirePlace_geo.uasset" 556
"/Users/cggatica/Documents/Unreal Projects/CatastrophyPrj/Content/GameContents/Layout/Living_Room/FirePlace_geo.uexp" 557
"/Users/cggatica/Documents/Unreal Projects/CatastrophyPrj/Content/GameContents/Layout/HallwayLeft_W.uasset" 558
"/Users/cggatica/Documents/Unreal Projects/CatastrophyPrj/Content/GameContents/Layout/HallwayLeft_W.uexp" 559
"/Users/cggatica/Documents/Unreal Projects/CatastrophyPrj/Content/GameContents/Layout/KitchenSink.uasset" 560
"/Users/cggatica/Documents/Unreal Projects/CatastrophyPrj/Content/GameContents/Layout/KitchenSink.uexp" 561
"/Users/cggatica/Documents/Unreal Projects/CatastrophyPrj/Content/GameContents/Layout/KitchenWall.uasset" 562
"/Users/cggatica/Documents/Unreal Projects/CatastrophyPrj/Content/GameContents/Layout/KitchenWall.uexp" 563
"/Users/cggatica/Documents/Unreal Projects/CatastrophyPrj/Content/GameContents/Layout/HallwayBack_W.uasset" 564
"/Users/cggatica/Documents/Unreal Projects/CatastrophyPrj/Content/GameContents/Layout/HallwayBack_W.uexp" 565
"/Users/cggatica/Documents/Unreal Projects/CatastrophyPrj/Content/GameContents/Layout/KitchenBack_w.uasset" 566
"/Users/cggatica/Documents/Unreal Projects/CatastrophyPrj/Content/GameContents/Layout/KitchenBack_w.uexp" 567
"/Users/cggatica/Documents/Unreal Projects/CatastrophyPrj/Content/GameContents/Layout/Living_Room/Whitebox_v4_Blueprint.uasset" 568
"/Users/cggatica/Documents/Unreal Projects/CatastrophyPrj/Content/GameContents/Layout/Living_Room/Whitebox_v4_Blueprint.uexp" 569
"/Users/cggatica/Documents/Unreal Projects/CatastrophyPrj/Content/bookshelf_GEO_lo.uasset" 570
"/Users/cggatica/Documents/Unreal Projects/CatastrophyPrj/Content/bookshelf_GEO_lo.uexp" 571
"/Users/cggatica/Documents/Unreal Projects/CatastrophyPrj/Content/curtain_GEO_lo.uasset" 572
"/Users/cggatica/Documents/Unreal Projects/CatastrophyPrj/Content/curtain_GEO_lo.uexp" 573
"/Users/cggatica/Documents/Unreal Projects/CatastrophyPrj/Content/table_GEO_lo.uasset" 574
"/Users/cggatica/Documents/Unreal Projects/CatastrophyPrj/Content/table_GEO_lo.uexp" 575
"/Users/cggatica/Documents/Unreal Projects/CatastrophyPrj/Content/Levels/CatPrj.uexp" 576
"/Users/cggatica/Documents/Unreal Projects/CatastrophyPrj/Content/Levels/CatPrj.umap" 577
"/Users/cggatica/Documents/Unreal Projects/CatastrophyPrj/Content/Levels/Main_Menu_Level_BuiltData.uasset" 578
"/Users/cggatica/Documents/Unreal Projects/CatastrophyPrj/Content/Levels/Main_Menu_Level_BuiltData.uexp" 579
"/Users/cggatica/Documents/Unreal Projects/CatastrophyPrj/Content/Main_Menu/Main_Menu_PC.uasset" 580
"/Users/cggatica/Documents/Unreal Projects/CatastrophyPrj/Content/Main_Menu/Main_Menu_PC.uexp" 581
"/Users/cggatica/Documents/Unreal Projects/CatastrophyPrj/Content/Main_Menu/Main_Menu_GameMode.uasset" 582
"/Users/cggatica/Documents/Unreal Projects/CatastrophyPrj/Content/Main_Menu/Main_Menu_GameMode.uexp" 583
"/Users/cggatica/Documents/Unreal Projects/CatastrophyPrj/Content/Levels/Main_Menu_Level.uexp" 584
"/Users/cggatica/Documents/Unreal Projects/CatastrophyPrj/Content/Levels/Main_Menu_Level.umap" 585
